<?xml version="1.0" encoding="UTF-8" standalone="no"?>
<!DOCTYPE log SYSTEM "logger.dtd">
<log>
<record>
  <date>2022-12-22T17:40:04.153-0300</date>
  <logger>LUCAS DE LIMA DA SILVA</logger>
  <level>FINE</level>
  <message>File 121110517-LUCAS DE LIMA DA SILVA.zip was received. It was sent by LUCAS DE LIMA DA SILVA from IP 192.168.0.111 at 22-12-2022 17*40*04</message>
</record>
</log>
<?xml version="1.0" encoding="UTF-8" standalone="no"?>
<!DOCTYPE log SYSTEM "logger.dtd">
<log>
<record>
  <date>2022-12-22T17:44:30.450-0300</date>
  <logger>LUCAS DE LIMA DA SILVA</logger>
  <level>FINE</level>
  <message>File 121110517-LUCAS DE LIMA DA SILVA.zip was received. It was sent by LUCAS DE LIMA DA SILVA from IP 192.168.0.111 at 22-12-2022 17*44*30</message>
</record>
</log>
<?xml version="1.0" encoding="UTF-8" standalone="no"?>
<!DOCTYPE log SYSTEM "logger.dtd">
<log>
<record>
  <date>2022-12-22T18:56:58.918-0300</date>
  <logger>LUCAS DE LIMA DA SILVA</logger>
  <level>FINE</level>
  <message>File 121110517-LUCAS DE LIMA DA SILVA.zip was received. It was sent by LUCAS DE LIMA DA SILVA from IP 192.168.0.111 at 22-12-2022 18*56*58</message>
</record>
</log>
<?xml version="1.0" encoding="UTF-8" standalone="no"?>
<!DOCTYPE log SYSTEM "logger.dtd">
<log>
<record>
  <date>2022-12-22T18:58:40.473-0300</date>
  <logger>LUCAS DE LIMA DA SILVA</logger>
  <level>FINE</level>
  <message>File 121110517-LUCAS DE LIMA DA SILVA.zip was received. It was sent by LUCAS DE LIMA DA SILVA from IP 192.168.0.111 at 22-12-2022 18*58*40</message>
</record>
</log>
<?xml version="1.0" encoding="UTF-8" standalone="no"?>
<!DOCTYPE log SYSTEM "logger.dtd">
<log>
<record>
  <date>2022-12-22T19:00:16.907-0300</date>
  <logger>LUCAS DE LIMA DA SILVA</logger>
  <level>FINE</level>
  <message>File 121110517-LUCAS DE LIMA DA SILVA.zip was received. It was sent by LUCAS DE LIMA DA SILVA from IP 192.168.0.111 at 22-12-2022 19*00*16</message>
</record>
