<?xml version="1.0" encoding="UTF-8" standalone="no"?>
<!DOCTYPE log SYSTEM "logger.dtd">
<log>
<record>
  <date>2022-11-24T11:36:45.626-0300</date>
  <logger>LUCAS DE LIMA DA SILVA</logger>
  <level>FINE</level>
  <message>File 121110517-LUCAS DE LIMA DA SILVA.zip was received. It was sent by LUCAS DE LIMA DA SILVA from IP 150.165.42.105 at 24-11-2022 11*36*45</message>
</record>
</log>
<?xml version="1.0" encoding="UTF-8" standalone="no"?>
<!DOCTYPE log SYSTEM "logger.dtd">
<log>
<record>
  <date>2022-11-24T21:24:48.247-0300</date>
  <logger>LUCAS DE LIMA DA SILVA</logger>
  <level>FINE</level>
  <message>File 121110517-LUCAS DE LIMA DA SILVA.zip was received. It was sent by LUCAS DE LIMA DA SILVA from IP 192.168.0.111 at 24-11-2022 21*24*48</message>
</record>
</log>
<?xml version="1.0" encoding="UTF-8" standalone="no"?>
<!DOCTYPE log SYSTEM "logger.dtd">
<log>
<record>
  <date>2022-11-25T09:52:48.343-0300</date>
  <logger>LUCAS DE LIMA DA SILVA</logger>
  <level>FINE</level>
  <message>File 121110517-LUCAS DE LIMA DA SILVA.zip was received. It was sent by LUCAS DE LIMA DA SILVA from IP 192.168.0.111 at 25-11-2022 09*52*48</message>
</record>
</log>
<?xml version="1.0" encoding="UTF-8" standalone="no"?>
<!DOCTYPE log SYSTEM "logger.dtd">
<log>
<record>
  <date>2022-11-25T10:46:14.486-0300</date>
  <logger>LUCAS DE LIMA DA SILVA</logger>
  <level>FINE</level>
  <message>File 121110517-LUCAS DE LIMA DA SILVA.zip was received. It was sent by LUCAS DE LIMA DA SILVA from IP 192.168.0.111 at 25-11-2022 10*46*14</message>
</record>
</log>
<?xml version="1.0" encoding="UTF-8" standalone="no"?>
<!DOCTYPE log SYSTEM "logger.dtd">
<log>
<record>
  <date>2022-11-25T11:02:42.659-0300</date>
  <logger>LUCAS DE LIMA DA SILVA</logger>
  <level>FINE</level>
  <message>File 121110517-LUCAS DE LIMA DA SILVA.zip was received. It was sent by LUCAS DE LIMA DA SILVA from IP 192.168.0.111 at 25-11-2022 11*02*42</message>
</record>
</log>
<?xml version="1.0" encoding="UTF-8" standalone="no"?>
<!DOCTYPE log SYSTEM "logger.dtd">
<log>
<record>
  <date>2022-11-26T16:25:51.339-0300</date>
  <logger>LUCAS DE LIMA DA SILVA</logger>
  <level>FINE</level>
  <message>File 121110517-LUCAS DE LIMA DA SILVA.zip was received. It was sent by LUCAS DE LIMA DA SILVA from IP 192.168.0.111 at 26-11-2022 16*25*51</message>
</record>
